h2 10.0.0.2 h6 10.0.0.6 h4 10.0.0.4 h8 10.0.0.8 
h1 0 2 10.0.0.5 60000000 0 0
h8 0 0 KfQYk qSLdP5
h8 1000000 1 KfQYk
h2 2000000 1 KfQYk
h2 3000000 0 KfQYk VAWqAa
h2 4000000 0 ddQWW0k AYU8Mc5
h8 5000000 0 ddQWW0k iW0zsg
h6 6000000 0 KfQYk OaBGXN
h2 7000000 0 MsMom 5ywIqH
h8 8000000 1 KfQYk
h8 9000000 0 MsMom CCFUPx
h2 10000000 0 ddQWW0k BuMecOVh
h6 11000000 1 MsMom
h4 12000000 0 6fZqSIu8 6rf3I
h6 13000000 1 6fZqSIu8
h8 14000000 0 9bJun SjZzV9Dl
h8 15000000 0 z27ZES rwDIwsYS
h6 16000000 0 iYOTly bvQb13o
h8 17000000 0 MsMom uQkqt6D
h4 18000000 0 YVBZKLCJ 4JIx4q
h2 19000000 0 MhIXH dR4XCf
h4 20000000 0 jDE3Cq OBmqfnpk
h8 21000000 1 KfQYk
h4 22000000 0 6fZqSIu8 Tbi6eX
h8 23000000 1 MsMom
h8 24000000 1 MhIXH
h4 25000000 0 MhIXH MIcAlV6Y
h4 26000000 0 jDE3Cq uRvZDtE
h2 27000000 1 YVBZKLCJ
h2 28000000 0 MhIXH KjevZL6K
h2 29000000 0 MhIXH dYeqkEy
h4 30000000 0 9bJun reCeqS
h6 31000000 0 iYOTly WGOqf0
h8 32000000 0 KfQYk Hsxact
h4 33000000 0 MsMom HkNfPZ1C
h4 34000000 1 9bJun
h6 35000000 0 ddQWW0k YOk6V
h6 36000000 0 gAbsty hnA7jFEd
h2 37000000 1 z27ZES
h8 38000000 0 eEskN pTHUq
h4 39000000 1 6fZqSIu8
h8 40000000 1 KfQYk
h8 41000000 1 YVBZKLCJ
h2 42000000 0 MhIXH VaPLLp
h2 43000000 0 ddQWW0k svsY97y
h2 44000000 0 9bJun SR38qOv
h8 45000000 1 MhIXH
h6 46000000 0 MsMom zHqC51g
h4 47000000 0 eEskN 9I6EGO1
h4 48000000 1 ddQWW0k
h2 49000000 0 XF3gYpkx imOcp
h6 50000000 1 MsMom
h2 51000000 0 MhIXH FClkYOM
h2 52000000 0 1V4XLvrd dpP7gjim
h6 53000000 0 Y158IHv EiT47N
h2 54000000 0 ddQWW0k tljpXy9
h2 55000000 0 MhIXH RvOQL4Ji
h6 56000000 1 XF3gYpkx
h4 57000000 1 jDE3Cq
h8 58000000 1 9bJun
h6 59000000 0 KfQYk BJJl1l
