h5 10.0.0.5 h6 10.0.0.6 h7 10.0.0.7 h8 10.0.0.8 
h2 0 2 10.0.0.4 60000000 0 0
h5 0 0 24MiTy URSA3
h7 1000000 0 5bmdCQk PX7Nk
h8 2000000 1 5bmdCQk
h6 3000000 1 24MiTy
h6 4000000 1 5bmdCQk
h7 5000000 1 24MiTy
h6 6000000 0 5bmdCQk IZmjsI
h7 7000000 0 24MiTy ZkZ7v
h8 8000000 0 xOHkr kg3TD
h7 9000000 0 gu4x9u2e w43tK
h8 10000000 0 bdkw21 dGycS
h8 11000000 1 5bmdCQk
h8 12000000 0 igL8InmO TUU0kP
h7 13000000 0 lM1fEj1B n9vKU1Wr
h7 14000000 1 lM1fEj1B
h6 15000000 0 1ECjIpvP lrtPsqKM
h5 16000000 0 igL8InmO mHp7yDuH
h6 17000000 0 gu4x9u2e 5E5yS
h8 18000000 0 jtdwtD iLuGGYb9
h8 19000000 1 1ECjIpvP
h6 20000000 1 24MiTy
h5 21000000 1 24MiTy
h7 22000000 0 bdkw21 aIY1JbdJ
h5 23000000 1 5bmdCQk
h8 24000000 1 lM1fEj1B
h6 25000000 1 xOHkr
h6 26000000 1 1ECjIpvP
h7 27000000 1 jtdwtD
h5 28000000 0 IVpZVO qGgQN
h8 29000000 0 24MiTy pd8HSI5
h6 30000000 1 jtdwtD
h6 31000000 0 IVpZVO aydFO
h8 32000000 1 gu4x9u2e
h8 33000000 1 gu4x9u2e
h6 34000000 0 jtdwtD 2h6mZm
h7 35000000 0 bdkw21 RhctIrrA
h8 36000000 0 1ECjIpvP lB0WRe
h8 37000000 1 xOHkr
h5 38000000 0 BYpL9D0N OAAuIGXi
h6 39000000 0 VEGbj 7rac4y
h6 40000000 1 xOHkr
h8 41000000 1 IVpZVO
h5 42000000 0 BYpL9D0N j4hb6Ae
h6 43000000 0 24MiTy HfMGc
h7 44000000 1 bdkw21
h7 45000000 1 BYpL9D0N
h6 46000000 0 fmjecp cCYdcSmD
h8 47000000 0 owEAsiP Bhz5QA42
h7 48000000 0 igL8InmO OEMXoSU
h5 49000000 1 bdkw21
h8 50000000 1 jtdwtD
h5 51000000 0 IVpZVO 3hfKq
h5 52000000 0 IVpZVO eOZqkz
h6 53000000 1 5bmdCQk
h6 54000000 1 lM1fEj1B
h7 55000000 1 jtdwtD
h6 56000000 1 jtdwtD
h7 57000000 1 owEAsiP
h8 58000000 1 BYpL9D0N
h5 59000000 0 BYpL9D0N azeZDc5F
